{"/Users/jonhalverson/Development/CineFiles_Python/frontend/src/App.js": {"path":"/Users/jonhalverson/Development/CineFiles_Python/frontend/src/App.js","statementMap":{"0":{"start":{"line":20,"column":2},"end":{"line":36,"column":4}}},"fnMap":{"0":{"name":"App","decl":{"start":{"line":19,"column":9},"end":{"line":19,"column":12}},"loc":{"start":{"line":19,"column":15},"end":{"line":37,"column":1}},"line":19}},"branchMap":{},"s":{"0":1},"f":{"0":1},"b":{},"_coverageSchema":"1a1c01bbd47fc00a2c39e90264f33305004495a9","hash":"e817ad2faba256f35f6661232441c70ca2072608"}
,"/Users/jonhalverson/Development/CineFiles_Python/frontend/src/components/auth/LoginForm.js": {"path":"/Users/jonhalverson/Development/CineFiles_Python/frontend/src/components/auth/LoginForm.js","statementMap":{"0":{"start":{"line":5,"column":18},"end":{"line":91,"column":1}},"1":{"start":{"line":6,"column":19},"end":{"line":6,"column":32}},"2":{"start":{"line":7,"column":34},"end":{"line":10,"column":4}},"3":{"start":{"line":11,"column":28},"end":{"line":11,"column":40}},"4":{"start":{"line":13,"column":23},"end":{"line":19,"column":3}},"5":{"start":{"line":14,"column":28},"end":{"line":14,"column":36}},"6":{"start":{"line":15,"column":4},"end":{"line":18,"column":8}},"7":{"start":{"line":15,"column":25},"end":{"line":18,"column":5}},"8":{"start":{"line":21,"column":23},"end":{"line":34,"column":3}},"9":{"start":{"line":22,"column":4},"end":{"line":22,"column":23}},"10":{"start":{"line":23,"column":4},"end":{"line":23,"column":17}},"11":{"start":{"line":25,"column":4},"end":{"line":33,"column":5}},"12":{"start":{"line":26,"column":23},"end":{"line":26,"column":52}},"13":{"start":{"line":28,"column":6},"end":{"line":28,"column":59}},"14":{"start":{"line":30,"column":6},"end":{"line":30,"column":33}},"15":{"start":{"line":32,"column":6},"end":{"line":32,"column":64}},"16":{"start":{"line":36,"column":2},"end":{"line":90,"column":4}}},"fnMap":{"0":{"name":"(anonymous_0)","decl":{"start":{"line":5,"column":18},"end":{"line":5,"column":19}},"loc":{"start":{"line":5,"column":24},"end":{"line":91,"column":1}},"line":5},"1":{"name":"(anonymous_1)","decl":{"start":{"line":13,"column":23},"end":{"line":13,"column":24}},"loc":{"start":{"line":13,"column":30},"end":{"line":19,"column":3}},"line":13},"2":{"name":"(anonymous_2)","decl":{"start":{"line":15,"column":16},"end":{"line":15,"column":17}},"loc":{"start":{"line":15,"column":25},"end":{"line":18,"column":5}},"line":15},"3":{"name":"(anonymous_3)","decl":{"start":{"line":21,"column":23},"end":{"line":21,"column":24}},"loc":{"start":{"line":21,"column":36},"end":{"line":34,"column":3}},"line":21}},"branchMap":{"0":{"loc":{"start":{"line":32,"column":15},"end":{"line":32,"column":62}},"type":"binary-expr","locations":[{"start":{"line":32,"column":15},"end":{"line":32,"column":41}},{"start":{"line":32,"column":45},"end":{"line":32,"column":62}}],"line":32},"1":{"loc":{"start":{"line":45,"column":11},"end":{"line":49,"column":11}},"type":"binary-expr","locations":[{"start":{"line":45,"column":11},"end":{"line":45,"column":16}},{"start":{"line":46,"column":12},"end":{"line":48,"column":18}}],"line":45}},"s":{"0":1,"1":0,"2":0,"3":0,"4":0,"5":0,"6":0,"7":0,"8":0,"9":0,"10":0,"11":0,"12":0,"13":0,"14":0,"15":0,"16":0},"f":{"0":0,"1":0,"2":0,"3":0},"b":{"0":[0,0],"1":[0,0]},"_coverageSchema":"1a1c01bbd47fc00a2c39e90264f33305004495a9","hash":"de443e188de991295f96b41474d53e25092a2581"}
,"/Users/jonhalverson/Development/CineFiles_Python/frontend/src/components/auth/SignupForm.js": {"path":"/Users/jonhalverson/Development/CineFiles_Python/frontend/src/components/auth/SignupForm.js","statementMap":{"0":{"start":{"line":5,"column":19},"end":{"line":126,"column":1}},"1":{"start":{"line":6,"column":19},"end":{"line":6,"column":32}},"2":{"start":{"line":7,"column":34},"end":{"line":12,"column":4}},"3":{"start":{"line":13,"column":28},"end":{"line":13,"column":40}},"4":{"start":{"line":15,"column":23},"end":{"line":21,"column":3}},"5":{"start":{"line":16,"column":28},"end":{"line":16,"column":36}},"6":{"start":{"line":17,"column":4},"end":{"line":20,"column":8}},"7":{"start":{"line":17,"column":25},"end":{"line":20,"column":5}},"8":{"start":{"line":23,"column":23},"end":{"line":43,"column":3}},"9":{"start":{"line":24,"column":4},"end":{"line":24,"column":23}},"10":{"start":{"line":25,"column":4},"end":{"line":25,"column":17}},"11":{"start":{"line":27,"column":4},"end":{"line":30,"column":5}},"12":{"start":{"line":28,"column":6},"end":{"line":28,"column":41}},"13":{"start":{"line":29,"column":6},"end":{"line":29,"column":13}},"14":{"start":{"line":32,"column":4},"end":{"line":42,"column":5}},"15":{"start":{"line":33,"column":6},"end":{"line":37,"column":9}},"16":{"start":{"line":39,"column":6},"end":{"line":39,"column":25}},"17":{"start":{"line":41,"column":6},"end":{"line":41,"column":73}},"18":{"start":{"line":45,"column":2},"end":{"line":125,"column":4}}},"fnMap":{"0":{"name":"(anonymous_0)","decl":{"start":{"line":5,"column":19},"end":{"line":5,"column":20}},"loc":{"start":{"line":5,"column":25},"end":{"line":126,"column":1}},"line":5},"1":{"name":"(anonymous_1)","decl":{"start":{"line":15,"column":23},"end":{"line":15,"column":24}},"loc":{"start":{"line":15,"column":30},"end":{"line":21,"column":3}},"line":15},"2":{"name":"(anonymous_2)","decl":{"start":{"line":17,"column":16},"end":{"line":17,"column":17}},"loc":{"start":{"line":17,"column":25},"end":{"line":20,"column":5}},"line":17},"3":{"name":"(anonymous_3)","decl":{"start":{"line":23,"column":23},"end":{"line":23,"column":24}},"loc":{"start":{"line":23,"column":36},"end":{"line":43,"column":3}},"line":23}},"branchMap":{"0":{"loc":{"start":{"line":27,"column":4},"end":{"line":30,"column":5}},"type":"if","locations":[{"start":{"line":27,"column":4},"end":{"line":30,"column":5}},{"start":{},"end":{}}],"line":27},"1":{"loc":{"start":{"line":41,"column":15},"end":{"line":41,"column":71}},"type":"binary-expr","locations":[{"start":{"line":41,"column":15},"end":{"line":41,"column":41}},{"start":{"line":41,"column":45},"end":{"line":41,"column":71}}],"line":41},"2":{"loc":{"start":{"line":54,"column":11},"end":{"line":58,"column":11}},"type":"binary-expr","locations":[{"start":{"line":54,"column":11},"end":{"line":54,"column":16}},{"start":{"line":55,"column":12},"end":{"line":57,"column":18}}],"line":54}},"s":{"0":1,"1":0,"2":0,"3":0,"4":0,"5":0,"6":0,"7":0,"8":0,"9":0,"10":0,"11":0,"12":0,"13":0,"14":0,"15":0,"16":0,"17":0,"18":0},"f":{"0":0,"1":0,"2":0,"3":0},"b":{"0":[0,0],"1":[0,0],"2":[0,0]},"_coverageSchema":"1a1c01bbd47fc00a2c39e90264f33305004495a9","hash":"872d2874d1c8a1213c1cf73275a0bdab325d8b01"}
,"/Users/jonhalverson/Development/CineFiles_Python/frontend/src/components/common/LazyImage.js": {"path":"/Users/jonhalverson/Development/CineFiles_Python/frontend/src/components/common/LazyImage.js","statementMap":{"0":{"start":{"line":4,"column":30},"end":{"line":4,"column":45}},"1":{"start":{"line":5,"column":28},"end":{"line":5,"column":43}},"2":{"start":{"line":7,"column":2},"end":{"line":31,"column":12}},"3":{"start":{"line":8,"column":4},"end":{"line":8,"column":21}},"4":{"start":{"line":9,"column":4},"end":{"line":9,"column":20}},"5":{"start":{"line":11,"column":4},"end":{"line":14,"column":5}},"6":{"start":{"line":12,"column":6},"end":{"line":12,"column":21}},"7":{"start":{"line":13,"column":6},"end":{"line":13,"column":13}},"8":{"start":{"line":16,"column":16},"end":{"line":16,"column":27}},"9":{"start":{"line":17,"column":4},"end":{"line":17,"column":18}},"10":{"start":{"line":19,"column":4},"end":{"line":21,"column":6}},"11":{"start":{"line":20,"column":6},"end":{"line":20,"column":22}},"12":{"start":{"line":23,"column":4},"end":{"line":25,"column":6}},"13":{"start":{"line":24,"column":6},"end":{"line":24,"column":21}},"14":{"start":{"line":27,"column":4},"end":{"line":30,"column":6}},"15":{"start":{"line":28,"column":6},"end":{"line":28,"column":24}},"16":{"start":{"line":29,"column":6},"end":{"line":29,"column":25}},"17":{"start":{"line":33,"column":28},"end":{"line":50,"column":3}},"18":{"start":{"line":34,"column":4},"end":{"line":49,"column":10}},"19":{"start":{"line":52,"column":2},"end":{"line":54,"column":3}},"20":{"start":{"line":53,"column":4},"end":{"line":53,"column":31}},"21":{"start":{"line":56,"column":2},"end":{"line":71,"column":4}},"22":{"start":{"line":67,"column":22},"end":{"line":67,"column":37}},"23":{"start":{"line":68,"column":23},"end":{"line":68,"column":37}}},"fnMap":{"0":{"name":"LazyImage","decl":{"start":{"line":3,"column":9},"end":{"line":3,"column":18}},"loc":{"start":{"line":3,"column":49},"end":{"line":72,"column":1}},"line":3},"1":{"name":"(anonymous_1)","decl":{"start":{"line":7,"column":12},"end":{"line":7,"column":13}},"loc":{"start":{"line":7,"column":18},"end":{"line":31,"column":3}},"line":7},"2":{"name":"(anonymous_2)","decl":{"start":{"line":19,"column":17},"end":{"line":19,"column":18}},"loc":{"start":{"line":19,"column":23},"end":{"line":21,"column":5}},"line":19},"3":{"name":"(anonymous_3)","decl":{"start":{"line":23,"column":18},"end":{"line":23,"column":19}},"loc":{"start":{"line":23,"column":24},"end":{"line":25,"column":5}},"line":23},"4":{"name":"(anonymous_4)","decl":{"start":{"line":27,"column":11},"end":{"line":27,"column":12}},"loc":{"start":{"line":27,"column":17},"end":{"line":30,"column":5}},"line":27},"5":{"name":"(anonymous_5)","decl":{"start":{"line":33,"column":28},"end":{"line":33,"column":29}},"loc":{"start":{"line":34,"column":4},"end":{"line":49,"column":10}},"line":34},"6":{"name":"(anonymous_6)","decl":{"start":{"line":67,"column":16},"end":{"line":67,"column":17}},"loc":{"start":{"line":67,"column":22},"end":{"line":67,"column":37}},"line":67},"7":{"name":"(anonymous_7)","decl":{"start":{"line":68,"column":17},"end":{"line":68,"column":18}},"loc":{"start":{"line":68,"column":23},"end":{"line":68,"column":37}},"line":68}},"branchMap":{"0":{"loc":{"start":{"line":3,"column":31},"end":{"line":3,"column":45}},"type":"default-arg","locations":[{"start":{"line":3,"column":43},"end":{"line":3,"column":45}}],"line":3},"1":{"loc":{"start":{"line":11,"column":4},"end":{"line":14,"column":5}},"type":"if","locations":[{"start":{"line":11,"column":4},"end":{"line":14,"column":5}},{"start":{},"end":{}}],"line":11},"2":{"loc":{"start":{"line":52,"column":2},"end":{"line":54,"column":3}},"type":"if","locations":[{"start":{"line":52,"column":2},"end":{"line":54,"column":3}},{"start":{},"end":{}}],"line":52},"3":{"loc":{"start":{"line":52,"column":6},"end":{"line":52,"column":19}},"type":"binary-expr","locations":[{"start":{"line":52,"column":6},"end":{"line":52,"column":11}},{"start":{"line":52,"column":15},"end":{"line":52,"column":19}}],"line":52},"4":{"loc":{"start":{"line":58,"column":7},"end":{"line":62,"column":7}},"type":"binary-expr","locations":[{"start":{"line":58,"column":7},"end":{"line":58,"column":14}},{"start":{"line":59,"column":8},"end":{"line":61,"column":14}}],"line":58},"5":{"loc":{"start":{"line":66,"column":87},"end":{"line":66,"column":123}},"type":"cond-expr","locations":[{"start":{"line":66,"column":96},"end":{"line":66,"column":109}},{"start":{"line":66,"column":112},"end":{"line":66,"column":123}}],"line":66}},"s":{"0":0,"1":0,"2":0,"3":0,"4":0,"5":0,"6":0,"7":0,"8":0,"9":0,"10":0,"11":0,"12":0,"13":0,"14":0,"15":0,"16":0,"17":0,"18":0,"19":0,"20":0,"21":0,"22":0,"23":0},"f":{"0":0,"1":0,"2":0,"3":0,"4":0,"5":0,"6":0,"7":0},"b":{"0":[0],"1":[0,0],"2":[0,0],"3":[0,0],"4":[0,0],"5":[0,0]}}
,"/Users/jonhalverson/Development/CineFiles_Python/frontend/src/components/common/LoadingSpinner.js": {"path":"/Users/jonhalverson/Development/CineFiles_Python/frontend/src/components/common/LoadingSpinner.js","statementMap":{"0":{"start":{"line":4,"column":2},"end":{"line":8,"column":4}}},"fnMap":{"0":{"name":"LoadingSpinner","decl":{"start":{"line":3,"column":9},"end":{"line":3,"column":23}},"loc":{"start":{"line":3,"column":26},"end":{"line":9,"column":1}},"line":3}},"branchMap":{},"s":{"0":0},"f":{"0":0},"b":{}}
,"/Users/jonhalverson/Development/CineFiles_Python/frontend/src/components/common/MovieDetailsSkeleton.js": {"path":"/Users/jonhalverson/Development/CineFiles_Python/frontend/src/components/common/MovieDetailsSkeleton.js","statementMap":{"0":{"start":{"line":4,"column":2},"end":{"line":30,"column":4}}},"fnMap":{"0":{"name":"MovieDetailsSkeleton","decl":{"start":{"line":3,"column":9},"end":{"line":3,"column":29}},"loc":{"start":{"line":3,"column":32},"end":{"line":31,"column":1}},"line":3}},"branchMap":{},"s":{"0":0},"f":{"0":0},"b":{},"_coverageSchema":"1a1c01bbd47fc00a2c39e90264f33305004495a9","hash":"2cf067754cfac2da9c0528a15816fc75422b7edf"}
,"/Users/jonhalverson/Development/CineFiles_Python/frontend/src/components/common/Navbar.js": {"path":"/Users/jonhalverson/Development/CineFiles_Python/frontend/src/components/common/Navbar.js","statementMap":{"0":{"start":{"line":5,"column":15},"end":{"line":60,"column":1}},"1":{"start":{"line":6,"column":19},"end":{"line":6,"column":32}},"2":{"start":{"line":7,"column":38},"end":{"line":7,"column":53}},"3":{"start":{"line":9,"column":2},"end":{"line":13,"column":9}},"4":{"start":{"line":11,"column":18},"end":{"line":11,"column":47}},"5":{"start":{"line":12,"column":4},"end":{"line":12,"column":27}},"6":{"start":{"line":15,"column":23},"end":{"line":19,"column":3}},"7":{"start":{"line":16,"column":4},"end":{"line":16,"column":21}},"8":{"start":{"line":17,"column":4},"end":{"line":17,"column":25}},"9":{"start":{"line":18,"column":4},"end":{"line":18,"column":18}},"10":{"start":{"line":21,"column":2},"end":{"line":59,"column":4}}},"fnMap":{"0":{"name":"(anonymous_0)","decl":{"start":{"line":5,"column":15},"end":{"line":5,"column":16}},"loc":{"start":{"line":5,"column":21},"end":{"line":60,"column":1}},"line":5},"1":{"name":"(anonymous_1)","decl":{"start":{"line":9,"column":12},"end":{"line":9,"column":13}},"loc":{"start":{"line":9,"column":18},"end":{"line":13,"column":3}},"line":9},"2":{"name":"(anonymous_2)","decl":{"start":{"line":15,"column":23},"end":{"line":15,"column":24}},"loc":{"start":{"line":15,"column":29},"end":{"line":19,"column":3}},"line":15}},"branchMap":{"0":{"loc":{"start":{"line":33,"column":11},"end":{"line":55,"column":11}},"type":"cond-expr","locations":[{"start":{"line":34,"column":12},"end":{"line":39,"column":21}},{"start":{"line":41,"column":12},"end":{"line":54,"column":15}}],"line":33}},"s":{"0":1,"1":1,"2":1,"3":1,"4":1,"5":1,"6":1,"7":0,"8":0,"9":0,"10":1},"f":{"0":1,"1":1,"2":0},"b":{"0":[0,1]},"_coverageSchema":"1a1c01bbd47fc00a2c39e90264f33305004495a9","hash":"a49b701d87648978f9d470304616ad995f2a4cf2"}
,"/Users/jonhalverson/Development/CineFiles_Python/frontend/src/components/common/SearchBar.js": {"path":"/Users/jonhalverson/Development/CineFiles_Python/frontend/src/components/common/SearchBar.js","statementMap":{"0":{"start":{"line":5,"column":18},"end":{"line":68,"column":1}},"1":{"start":{"line":6,"column":19},"end":{"line":6,"column":32}},"2":{"start":{"line":7,"column":28},"end":{"line":7,"column":40}},"3":{"start":{"line":8,"column":36},"end":{"line":8,"column":51}},"4":{"start":{"line":10,"column":23},"end":{"line":24,"column":3}},"5":{"start":{"line":11,"column":4},"end":{"line":11,"column":23}},"6":{"start":{"line":12,"column":4},"end":{"line":12,"column":30}},"7":{"start":{"line":12,"column":23},"end":{"line":12,"column":30}},"8":{"start":{"line":14,"column":4},"end":{"line":14,"column":23}},"9":{"start":{"line":15,"column":4},"end":{"line":23,"column":5}},"10":{"start":{"line":16,"column":22},"end":{"line":16,"column":56}},"11":{"start":{"line":18,"column":6},"end":{"line":18,"column":74}},"12":{"start":{"line":20,"column":6},"end":{"line":20,"column":44}},"13":{"start":{"line":22,"column":6},"end":{"line":22,"column":26}},"14":{"start":{"line":26,"column":2},"end":{"line":67,"column":4}},"15":{"start":{"line":32,"column":27},"end":{"line":32,"column":51}}},"fnMap":{"0":{"name":"(anonymous_0)","decl":{"start":{"line":5,"column":18},"end":{"line":5,"column":19}},"loc":{"start":{"line":5,"column":24},"end":{"line":68,"column":1}},"line":5},"1":{"name":"(anonymous_1)","decl":{"start":{"line":10,"column":23},"end":{"line":10,"column":24}},"loc":{"start":{"line":10,"column":36},"end":{"line":24,"column":3}},"line":10},"2":{"name":"(anonymous_2)","decl":{"start":{"line":32,"column":20},"end":{"line":32,"column":21}},"loc":{"start":{"line":32,"column":27},"end":{"line":32,"column":51}},"line":32}},"branchMap":{"0":{"loc":{"start":{"line":12,"column":4},"end":{"line":12,"column":30}},"type":"if","locations":[{"start":{"line":12,"column":4},"end":{"line":12,"column":30}},{"start":{},"end":{}}],"line":12},"1":{"loc":{"start":{"line":40,"column":20},"end":{"line":40,"column":46}},"type":"binary-expr","locations":[{"start":{"line":40,"column":20},"end":{"line":40,"column":29}},{"start":{"line":40,"column":33},"end":{"line":40,"column":46}}],"line":40},"2":{"loc":{"start":{"line":42,"column":11},"end":{"line":63,"column":11}},"type":"cond-expr","locations":[{"start":{"line":43,"column":12},"end":{"line":60,"column":19}},{"start":{"line":62,"column":12},"end":{"line":62,"column":20}}],"line":42}},"s":{"0":1,"1":1,"2":1,"3":1,"4":1,"5":0,"6":0,"7":0,"8":0,"9":0,"10":0,"11":0,"12":0,"13":0,"14":1,"15":0},"f":{"0":1,"1":0,"2":0},"b":{"0":[0,0],"1":[1,1],"2":[0,1]},"_coverageSchema":"1a1c01bbd47fc00a2c39e90264f33305004495a9","hash":"e0eb786c2604e2a1ab0a59752895ed47a5b79d71"}
,"/Users/jonhalverson/Development/CineFiles_Python/frontend/src/components/movie/HomePage.js": {"path":"/Users/jonhalverson/Development/CineFiles_Python/frontend/src/components/movie/HomePage.js","statementMap":{"0":{"start":{"line":7,"column":17},"end":{"line":74,"column":1}},"1":{"start":{"line":8,"column":40},"end":{"line":8,"column":55}},"2":{"start":{"line":9,"column":19},"end":{"line":9,"column":32}},"3":{"start":{"line":11,"column":23},"end":{"line":28,"column":3}},"4":{"start":{"line":12,"column":4},"end":{"line":12,"column":30}},"5":{"start":{"line":12,"column":23},"end":{"line":12,"column":30}},"6":{"start":{"line":14,"column":4},"end":{"line":14,"column":25}},"7":{"start":{"line":15,"column":4},"end":{"line":27,"column":5}},"8":{"start":{"line":16,"column":23},"end":{"line":16,"column":57}},"9":{"start":{"line":17,"column":6},"end":{"line":22,"column":9}},"10":{"start":{"line":24,"column":6},"end":{"line":24,"column":44}},"11":{"start":{"line":26,"column":6},"end":{"line":26,"column":28}},"12":{"start":{"line":30,"column":2},"end":{"line":73,"column":4}}},"fnMap":{"0":{"name":"(anonymous_0)","decl":{"start":{"line":7,"column":17},"end":{"line":7,"column":18}},"loc":{"start":{"line":7,"column":23},"end":{"line":74,"column":1}},"line":7},"1":{"name":"(anonymous_1)","decl":{"start":{"line":11,"column":23},"end":{"line":11,"column":24}},"loc":{"start":{"line":11,"column":40},"end":{"line":28,"column":3}},"line":11}},"branchMap":{"0":{"loc":{"start":{"line":12,"column":4},"end":{"line":12,"column":30}},"type":"if","locations":[{"start":{"line":12,"column":4},"end":{"line":12,"column":30}},{"start":{},"end":{}}],"line":12}},"s":{"0":1,"1":1,"2":1,"3":1,"4":0,"5":0,"6":0,"7":0,"8":0,"9":0,"10":0,"11":0,"12":1},"f":{"0":1,"1":0},"b":{"0":[0,0]},"_coverageSchema":"1a1c01bbd47fc00a2c39e90264f33305004495a9","hash":"8749c38fcd1adb4237cc8734739cd850b7b33c7c"}
,"/Users/jonhalverson/Development/CineFiles_Python/frontend/src/components/movie/MovieDetails.js": {"path":"/Users/jonhalverson/Development/CineFiles_Python/frontend/src/components/movie/MovieDetails.js","statementMap":{"0":{"start":{"line":15,"column":17},"end":{"line":15,"column":28}},"1":{"start":{"line":16,"column":28},"end":{"line":16,"column":42}},"2":{"start":{"line":17,"column":32},"end":{"line":17,"column":46}},"3":{"start":{"line":18,"column":30},"end":{"line":18,"column":44}},"4":{"start":{"line":19,"column":40},"end":{"line":19,"column":55}},"5":{"start":{"line":20,"column":40},"end":{"line":20,"column":55}},"6":{"start":{"line":22,"column":2},"end":{"line":44,"column":11}},"7":{"start":{"line":23,"column":4},"end":{"line":23,"column":48}},"8":{"start":{"line":25,"column":4},"end":{"line":39,"column":9}},"9":{"start":{"line":31,"column":8},"end":{"line":31,"column":28}},"10":{"start":{"line":32,"column":8},"end":{"line":32,"column":32}},"11":{"start":{"line":33,"column":8},"end":{"line":33,"column":30}},"12":{"start":{"line":34,"column":8},"end":{"line":34,"column":62}},"13":{"start":{"line":37,"column":8},"end":{"line":37,"column":62}},"14":{"start":{"line":38,"column":8},"end":{"line":38,"column":49}},"15":{"start":{"line":41,"column":4},"end":{"line":43,"column":6}},"16":{"start":{"line":42,"column":6},"end":{"line":42,"column":38}},"17":{"start":{"line":46,"column":26},"end":{"line":56,"column":3}},"18":{"start":{"line":47,"column":4},"end":{"line":55,"column":5}},"19":{"start":{"line":48,"column":23},"end":{"line":48,"column":64}},"20":{"start":{"line":49,"column":21},"end":{"line":49,"column":37}},"21":{"start":{"line":50,"column":6},"end":{"line":52,"column":7}},"22":{"start":{"line":51,"column":8},"end":{"line":51,"column":69}},"23":{"start":{"line":54,"column":6},"end":{"line":54,"column":61}},"24":{"start":{"line":58,"column":2},"end":{"line":60,"column":3}},"25":{"start":{"line":59,"column":4},"end":{"line":59,"column":36}},"26":{"start":{"line":62,"column":19},"end":{"line":62,"column":73}},"27":{"start":{"line":62,"column":47},"end":{"line":62,"column":72}},"28":{"start":{"line":63,"column":22},"end":{"line":63,"column":64}},"29":{"start":{"line":64,"column":22},"end":{"line":64,"column":34}},"30":{"start":{"line":65,"column":27},"end":{"line":65,"column":28}},"31":{"start":{"line":67,"column":18},"end":{"line":69,"column":24}},"32":{"start":{"line":68,"column":4},"end":{"line":68,"column":56}},"33":{"start":{"line":71,"column":2},"end":{"line":215,"column":4}},"34":{"start":{"line":124,"column":33},"end":{"line":124,"column":53}},"35":{"start":{"line":142,"column":27},"end":{"line":142,"column":48}},"36":{"start":{"line":146,"column":28},"end":{"line":146,"column":47}},"37":{"start":{"line":150,"column":31},"end":{"line":150,"column":52}},"38":{"start":{"line":173,"column":16},"end":{"line":190,"column":22}},"39":{"start":{"line":175,"column":33},"end":{"line":175,"column":58}},"40":{"start":{"line":183,"column":22},"end":{"line":183,"column":56}},"41":{"start":{"line":195,"column":29},"end":{"line":195,"column":57}}},"fnMap":{"0":{"name":"MovieDetails","decl":{"start":{"line":14,"column":9},"end":{"line":14,"column":21}},"loc":{"start":{"line":14,"column":24},"end":{"line":216,"column":1}},"line":14},"1":{"name":"(anonymous_1)","decl":{"start":{"line":22,"column":12},"end":{"line":22,"column":13}},"loc":{"start":{"line":22,"column":18},"end":{"line":44,"column":3}},"line":22},"2":{"name":"(anonymous_2)","decl":{"start":{"line":30,"column":12},"end":{"line":30,"column":13}},"loc":{"start":{"line":30,"column":54},"end":{"line":35,"column":7}},"line":30},"3":{"name":"(anonymous_3)","decl":{"start":{"line":36,"column":13},"end":{"line":36,"column":14}},"loc":{"start":{"line":36,"column":22},"end":{"line":39,"column":7}},"line":36},"4":{"name":"(anonymous_4)","decl":{"start":{"line":41,"column":11},"end":{"line":41,"column":12}},"loc":{"start":{"line":41,"column":17},"end":{"line":43,"column":5}},"line":41},"5":{"name":"(anonymous_5)","decl":{"start":{"line":46,"column":26},"end":{"line":46,"column":27}},"loc":{"start":{"line":46,"column":46},"end":{"line":56,"column":3}},"line":46},"6":{"name":"(anonymous_6)","decl":{"start":{"line":62,"column":37},"end":{"line":62,"column":38}},"loc":{"start":{"line":62,"column":47},"end":{"line":62,"column":72}},"line":62},"7":{"name":"(anonymous_7)","decl":{"start":{"line":67,"column":38},"end":{"line":67,"column":39}},"loc":{"start":{"line":68,"column":4},"end":{"line":68,"column":56}},"line":68},"8":{"name":"(anonymous_8)","decl":{"start":{"line":124,"column":27},"end":{"line":124,"column":28}},"loc":{"start":{"line":124,"column":33},"end":{"line":124,"column":53}},"line":124},"9":{"name":"(anonymous_9)","decl":{"start":{"line":142,"column":21},"end":{"line":142,"column":22}},"loc":{"start":{"line":142,"column":27},"end":{"line":142,"column":48}},"line":142},"10":{"name":"(anonymous_10)","decl":{"start":{"line":146,"column":23},"end":{"line":146,"column":24}},"loc":{"start":{"line":146,"column":28},"end":{"line":146,"column":47}},"line":146},"11":{"name":"(anonymous_11)","decl":{"start":{"line":150,"column":25},"end":{"line":150,"column":26}},"loc":{"start":{"line":150,"column":31},"end":{"line":150,"column":52}},"line":150},"12":{"name":"(anonymous_12)","decl":{"start":{"line":172,"column":19},"end":{"line":172,"column":20}},"loc":{"start":{"line":173,"column":16},"end":{"line":190,"column":22}},"line":173},"13":{"name":"(anonymous_13)","decl":{"start":{"line":175,"column":27},"end":{"line":175,"column":28}},"loc":{"start":{"line":175,"column":33},"end":{"line":175,"column":58}},"line":175},"14":{"name":"(anonymous_14)","decl":{"start":{"line":182,"column":29},"end":{"line":182,"column":30}},"loc":{"start":{"line":182,"column":36},"end":{"line":184,"column":21}},"line":182},"15":{"name":"(anonymous_15)","decl":{"start":{"line":195,"column":23},"end":{"line":195,"column":24}},"loc":{"start":{"line":195,"column":29},"end":{"line":195,"column":57}},"line":195}},"branchMap":{"0":{"loc":{"start":{"line":50,"column":6},"end":{"line":52,"column":7}},"type":"if","locations":[{"start":{"line":50,"column":6},"end":{"line":52,"column":7}},{"start":{},"end":{}}],"line":50},"1":{"loc":{"start":{"line":58,"column":2},"end":{"line":60,"column":3}},"type":"if","locations":[{"start":{"line":58,"column":2},"end":{"line":60,"column":3}},{"start":{},"end":{}}],"line":58},"2":{"loc":{"start":{"line":58,"column":6},"end":{"line":58,"column":35}},"type":"binary-expr","locations":[{"start":{"line":58,"column":6},"end":{"line":58,"column":12}},{"start":{"line":58,"column":16},"end":{"line":58,"column":24}},{"start":{"line":58,"column":28},"end":{"line":58,"column":35}}],"line":58},"3":{"loc":{"start":{"line":67,"column":18},"end":{"line":69,"column":24}},"type":"binary-expr","locations":[{"start":{"line":67,"column":18},"end":{"line":69,"column":3}},{"start":{"line":69,"column":7},"end":{"line":69,"column":24}}],"line":67},"4":{"loc":{"start":{"line":68,"column":4},"end":{"line":68,"column":56}},"type":"binary-expr","locations":[{"start":{"line":68,"column":4},"end":{"line":68,"column":28}},{"start":{"line":68,"column":32},"end":{"line":68,"column":56}}],"line":68},"5":{"loc":{"start":{"line":111,"column":13},"end":{"line":115,"column":13}},"type":"binary-expr","locations":[{"start":{"line":111,"column":13},"end":{"line":111,"column":21}},{"start":{"line":112,"column":14},"end":{"line":114,"column":18}}],"line":111},"6":{"loc":{"start":{"line":121,"column":13},"end":{"line":130,"column":13}},"type":"binary-expr","locations":[{"start":{"line":121,"column":13},"end":{"line":121,"column":20}},{"start":{"line":122,"column":14},"end":{"line":129,"column":20}}],"line":121},"7":{"loc":{"start":{"line":139,"column":9},"end":{"line":164,"column":9}},"type":"binary-expr","locations":[{"start":{"line":139,"column":9},"end":{"line":139,"column":20}},{"start":{"line":139,"column":24},"end":{"line":139,"column":31}},{"start":{"line":140,"column":10},"end":{"line":163,"column":16}}],"line":139},"8":{"loc":{"start":{"line":171,"column":24},"end":{"line":171,"column":66}},"type":"cond-expr","locations":[{"start":{"line":171,"column":38},"end":{"line":171,"column":47}},{"start":{"line":171,"column":50},"end":{"line":171,"column":66}}],"line":171},"9":{"loc":{"start":{"line":193,"column":11},"end":{"line":200,"column":11}},"type":"binary-expr","locations":[{"start":{"line":193,"column":11},"end":{"line":193,"column":48}},{"start":{"line":194,"column":12},"end":{"line":199,"column":21}}],"line":193},"10":{"loc":{"start":{"line":198,"column":15},"end":{"line":198,"column":77}},"type":"cond-expr","locations":[{"start":{"line":198,"column":29},"end":{"line":198,"column":40}},{"start":{"line":198,"column":43},"end":{"line":198,"column":77}}],"line":198}},"s":{"0":0,"1":0,"2":0,"3":0,"4":0,"5":0,"6":0,"7":0,"8":0,"9":0,"10":0,"11":0,"12":0,"13":0,"14":0,"15":0,"16":0,"17":0,"18":0,"19":0,"20":0,"21":0,"22":0,"23":0,"24":0,"25":0,"26":0,"27":0,"28":0,"29":0,"30":0,"31":0,"32":0,"33":0,"34":0,"35":0,"36":0,"37":0,"38":0,"39":0,"40":0,"41":0},"f":{"0":0,"1":0,"2":0,"3":0,"4":0,"5":0,"6":0,"7":0,"8":0,"9":0,"10":0,"11":0,"12":0,"13":0,"14":0,"15":0},"b":{"0":[0,0],"1":[0,0],"2":[0,0,0],"3":[0,0],"4":[0,0],"5":[0,0],"6":[0,0],"7":[0,0,0],"8":[0,0],"9":[0,0],"10":[0,0]},"_coverageSchema":"1a1c01bbd47fc00a2c39e90264f33305004495a9","hash":"93a83ca411535ca2169b4d833a90fa63c26d0ae5"}
,"/Users/jonhalverson/Development/CineFiles_Python/frontend/src/components/movie/MovieList.js": {"path":"/Users/jonhalverson/Development/CineFiles_Python/frontend/src/components/movie/MovieList.js","statementMap":{"0":{"start":{"line":14,"column":18},"end":{"line":198,"column":1}},"1":{"start":{"line":15,"column":30},"end":{"line":15,"column":42}},"2":{"start":{"line":16,"column":36},"end":{"line":16,"column":50}},"3":{"start":{"line":17,"column":28},"end":{"line":17,"column":42}},"4":{"start":{"line":18,"column":46},"end":{"line":18,"column":61}},"5":{"start":{"line":19,"column":48},"end":{"line":19,"column":63}},"6":{"start":{"line":20,"column":29},"end":{"line":20,"column":41}},"7":{"start":{"line":22,"column":2},"end":{"line":55,"column":13}},"8":{"start":{"line":23,"column":24},"end":{"line":52,"column":5}},"9":{"start":{"line":24,"column":6},"end":{"line":24,"column":25}},"10":{"start":{"line":25,"column":6},"end":{"line":25,"column":21}},"11":{"start":{"line":26,"column":6},"end":{"line":51,"column":7}},"12":{"start":{"line":28,"column":8},"end":{"line":43,"column":9}},"13":{"start":{"line":30,"column":12},"end":{"line":30,"column":57}},"14":{"start":{"line":31,"column":12},"end":{"line":31,"column":18}},"15":{"start":{"line":33,"column":12},"end":{"line":33,"column":58}},"16":{"start":{"line":34,"column":12},"end":{"line":34,"column":18}},"17":{"start":{"line":36,"column":12},"end":{"line":36,"column":58}},"18":{"start":{"line":37,"column":12},"end":{"line":37,"column":18}},"19":{"start":{"line":39,"column":12},"end":{"line":39,"column":53}},"20":{"start":{"line":40,"column":12},"end":{"line":40,"column":18}},"21":{"start":{"line":42,"column":12},"end":{"line":42,"column":55}},"22":{"start":{"line":44,"column":8},"end":{"line":44,"column":57}},"23":{"start":{"line":45,"column":8},"end":{"line":45,"column":42}},"24":{"start":{"line":47,"column":8},"end":{"line":47,"column":61}},"25":{"start":{"line":48,"column":8},"end":{"line":48,"column":30}},"26":{"start":{"line":50,"column":8},"end":{"line":50,"column":28}},"27":{"start":{"line":54,"column":4},"end":{"line":54,"column":18}},"28":{"start":{"line":57,"column":2},"end":{"line":78,"column":15}},"29":{"start":{"line":58,"column":25},"end":{"line":64,"column":5}},"30":{"start":{"line":59,"column":6},"end":{"line":63,"column":7}},"31":{"start":{"line":60,"column":57},"end":{"line":60,"column":83}},"32":{"start":{"line":61,"column":8},"end":{"line":61,"column":42}},"33":{"start":{"line":62,"column":8},"end":{"line":62,"column":67}},"34":{"start":{"line":66,"column":22},"end":{"line":66,"column":48}},"35":{"start":{"line":67,"column":4},"end":{"line":71,"column":5}},"36":{"start":{"line":68,"column":6},"end":{"line":68,"column":57}},"37":{"start":{"line":70,"column":6},"end":{"line":70,"column":21}},"38":{"start":{"line":73,"column":4},"end":{"line":77,"column":6}},"39":{"start":{"line":74,"column":6},"end":{"line":76,"column":7}},"40":{"start":{"line":75,"column":8},"end":{"line":75,"column":62}},"41":{"start":{"line":80,"column":23},"end":{"line":88,"column":3}},"42":{"start":{"line":81,"column":4},"end":{"line":87,"column":5}},"43":{"start":{"line":82,"column":27},"end":{"line":82,"column":50}},"44":{"start":{"line":83,"column":6},"end":{"line":86,"column":9}},"45":{"start":{"line":90,"column":2},"end":{"line":96,"column":3}},"46":{"start":{"line":91,"column":4},"end":{"line":95,"column":6}},"47":{"start":{"line":98,"column":2},"end":{"line":197,"column":4}},"48":{"start":{"line":103,"column":25},"end":{"line":103,"column":45}},"49":{"start":{"line":126,"column":25},"end":{"line":126,"column":46}},"50":{"start":{"line":154,"column":16},"end":{"line":163,"column":22}},"51":{"start":{"line":166,"column":16},"end":{"line":192,"column":23}},"52":{"start":{"line":177,"column":24},"end":{"line":177,"column":58}}},"fnMap":{"0":{"name":"(anonymous_0)","decl":{"start":{"line":14,"column":18},"end":{"line":14,"column":19}},"loc":{"start":{"line":14,"column":32},"end":{"line":198,"column":1}},"line":14},"1":{"name":"(anonymous_1)","decl":{"start":{"line":22,"column":12},"end":{"line":22,"column":13}},"loc":{"start":{"line":22,"column":18},"end":{"line":55,"column":3}},"line":22},"2":{"name":"(anonymous_2)","decl":{"start":{"line":23,"column":24},"end":{"line":23,"column":25}},"loc":{"start":{"line":23,"column":36},"end":{"line":52,"column":5}},"line":23},"3":{"name":"(anonymous_3)","decl":{"start":{"line":57,"column":12},"end":{"line":57,"column":13}},"loc":{"start":{"line":57,"column":18},"end":{"line":78,"column":3}},"line":57},"4":{"name":"(anonymous_4)","decl":{"start":{"line":58,"column":25},"end":{"line":58,"column":26}},"loc":{"start":{"line":58,"column":31},"end":{"line":64,"column":5}},"line":58},"5":{"name":"(anonymous_5)","decl":{"start":{"line":73,"column":11},"end":{"line":73,"column":12}},"loc":{"start":{"line":73,"column":17},"end":{"line":77,"column":5}},"line":73},"6":{"name":"(anonymous_6)","decl":{"start":{"line":80,"column":23},"end":{"line":80,"column":24}},"loc":{"start":{"line":80,"column":38},"end":{"line":88,"column":3}},"line":80},"7":{"name":"(anonymous_7)","decl":{"start":{"line":103,"column":19},"end":{"line":103,"column":20}},"loc":{"start":{"line":103,"column":25},"end":{"line":103,"column":45}},"line":103},"8":{"name":"(anonymous_8)","decl":{"start":{"line":126,"column":19},"end":{"line":126,"column":20}},"loc":{"start":{"line":126,"column":25},"end":{"line":126,"column":46}},"line":126},"9":{"name":"(anonymous_9)","decl":{"start":{"line":153,"column":38},"end":{"line":153,"column":39}},"loc":{"start":{"line":154,"column":16},"end":{"line":163,"column":22}},"line":154},"10":{"name":"(anonymous_10)","decl":{"start":{"line":165,"column":25},"end":{"line":165,"column":26}},"loc":{"start":{"line":166,"column":16},"end":{"line":192,"column":23}},"line":166},"11":{"name":"(anonymous_11)","decl":{"start":{"line":176,"column":31},"end":{"line":176,"column":32}},"loc":{"start":{"line":176,"column":38},"end":{"line":178,"column":23}},"line":176}},"branchMap":{"0":{"loc":{"start":{"line":28,"column":8},"end":{"line":43,"column":9}},"type":"switch","locations":[{"start":{"line":29,"column":10},"end":{"line":31,"column":18}},{"start":{"line":32,"column":10},"end":{"line":34,"column":18}},{"start":{"line":35,"column":10},"end":{"line":37,"column":18}},{"start":{"line":38,"column":10},"end":{"line":40,"column":18}},{"start":{"line":41,"column":10},"end":{"line":42,"column":55}}],"line":28},"1":{"loc":{"start":{"line":45,"column":18},"end":{"line":45,"column":40}},"type":"binary-expr","locations":[{"start":{"line":45,"column":18},"end":{"line":45,"column":34}},{"start":{"line":45,"column":38},"end":{"line":45,"column":40}}],"line":45},"2":{"loc":{"start":{"line":59,"column":6},"end":{"line":63,"column":7}},"type":"if","locations":[{"start":{"line":59,"column":6},"end":{"line":63,"column":7}},{"start":{},"end":{}}],"line":59},"3":{"loc":{"start":{"line":67,"column":4},"end":{"line":71,"column":5}},"type":"if","locations":[{"start":{"line":67,"column":4},"end":{"line":71,"column":5}},{"start":{},"end":{}}],"line":67},"4":{"loc":{"start":{"line":74,"column":6},"end":{"line":76,"column":7}},"type":"if","locations":[{"start":{"line":74,"column":6},"end":{"line":76,"column":7}},{"start":{},"end":{}}],"line":74},"5":{"loc":{"start":{"line":81,"column":4},"end":{"line":87,"column":5}},"type":"if","locations":[{"start":{"line":81,"column":4},"end":{"line":87,"column":5}},{"start":{},"end":{}}],"line":81},"6":{"loc":{"start":{"line":84,"column":14},"end":{"line":84,"column":66}},"type":"cond-expr","locations":[{"start":{"line":84,"column":38},"end":{"line":84,"column":50}},{"start":{"line":84,"column":53},"end":{"line":84,"column":66}}],"line":84},"7":{"loc":{"start":{"line":90,"column":2},"end":{"line":96,"column":3}},"type":"if","locations":[{"start":{"line":90,"column":2},"end":{"line":96,"column":3}},{"start":{},"end":{}}],"line":90},"8":{"loc":{"start":{"line":101,"column":7},"end":{"line":121,"column":7}},"type":"binary-expr","locations":[{"start":{"line":101,"column":7},"end":{"line":101,"column":21}},{"start":{"line":102,"column":8},"end":{"line":120,"column":17}}],"line":101},"9":{"loc":{"start":{"line":124,"column":7},"end":{"line":144,"column":7}},"type":"binary-expr","locations":[{"start":{"line":124,"column":7},"end":{"line":124,"column":22}},{"start":{"line":125,"column":8},"end":{"line":143,"column":17}}],"line":124},"10":{"loc":{"start":{"line":152,"column":11},"end":{"line":193,"column":16}},"type":"cond-expr","locations":[{"start":{"line":153,"column":14},"end":{"line":164,"column":16}},{"start":{"line":165,"column":14},"end":{"line":193,"column":16}}],"line":152},"11":{"loc":{"start":{"line":189,"column":23},"end":{"line":189,"column":94}},"type":"cond-expr","locations":[{"start":{"line":189,"column":44},"end":{"line":189,"column":86}},{"start":{"line":189,"column":89},"end":{"line":189,"column":94}}],"line":189}},"s":{"0":1,"1":3,"2":3,"3":3,"4":3,"5":3,"6":3,"7":3,"8":3,"9":3,"10":3,"11":3,"12":3,"13":1,"14":0,"15":1,"16":0,"17":1,"18":0,"19":0,"20":0,"21":0,"22":0,"23":0,"24":0,"25":0,"26":0,"27":3,"28":3,"29":3,"30":3,"31":3,"32":3,"33":3,"34":3,"35":3,"36":3,"37":3,"38":3,"39":3,"40":3,"41":3,"42":0,"43":0,"44":0,"45":3,"46":0,"47":3,"48":0,"49":0,"50":18,"51":0,"52":0},"f":{"0":3,"1":3,"2":3,"3":3,"4":3,"5":3,"6":0,"7":0,"8":0,"9":18,"10":0,"11":0},"b":{"0":[1,1,1,0,0],"1":[0,0],"2":[3,0],"3":[3,0],"4":[3,0],"5":[0,0],"6":[0,0],"7":[0,3],"8":[3,0],"9":[3,0],"10":[3,0],"11":[0,0]},"_coverageSchema":"1a1c01bbd47fc00a2c39e90264f33305004495a9","hash":"5e4e5cfdc064908d87a31cb1aacdc0a01bc2bd94"}
,"/Users/jonhalverson/Development/CineFiles_Python/frontend/src/components/movie/NewsSection.js": {"path":"/Users/jonhalverson/Development/CineFiles_Python/frontend/src/components/movie/NewsSection.js","statementMap":{"0":{"start":{"line":4,"column":2},"end":{"line":6,"column":3}},"1":{"start":{"line":5,"column":4},"end":{"line":5,"column":16}},"2":{"start":{"line":8,"column":2},"end":{"line":47,"column":4}},"3":{"start":{"line":15,"column":10},"end":{"line":43,"column":14}},"4":{"start":{"line":29,"column":20},"end":{"line":29,"column":44}},"5":{"start":{"line":30,"column":20},"end":{"line":30,"column":54}}},"fnMap":{"0":{"name":"NewsSection","decl":{"start":{"line":3,"column":9},"end":{"line":3,"column":20}},"loc":{"start":{"line":3,"column":36},"end":{"line":48,"column":1}},"line":3},"1":{"name":"(anonymous_1)","decl":{"start":{"line":14,"column":23},"end":{"line":14,"column":24}},"loc":{"start":{"line":15,"column":10},"end":{"line":43,"column":14}},"line":15},"2":{"name":"(anonymous_2)","decl":{"start":{"line":28,"column":27},"end":{"line":28,"column":28}},"loc":{"start":{"line":28,"column":34},"end":{"line":31,"column":19}},"line":28}},"branchMap":{"0":{"loc":{"start":{"line":4,"column":2},"end":{"line":6,"column":3}},"type":"if","locations":[{"start":{"line":4,"column":2},"end":{"line":6,"column":3}},{"start":{},"end":{}}],"line":4},"1":{"loc":{"start":{"line":4,"column":6},"end":{"line":4,"column":42}},"type":"binary-expr","locations":[{"start":{"line":4,"column":6},"end":{"line":4,"column":16}},{"start":{"line":4,"column":20},"end":{"line":4,"column":42}}],"line":4},"2":{"loc":{"start":{"line":22,"column":13},"end":{"line":34,"column":13}},"type":"binary-expr","locations":[{"start":{"line":22,"column":13},"end":{"line":22,"column":23}},{"start":{"line":23,"column":14},"end":{"line":33,"column":20}}],"line":22}},"s":{"0":0,"1":0,"2":0,"3":0,"4":0,"5":0},"f":{"0":0,"1":0,"2":0},"b":{"0":[0,0],"1":[0,0],"2":[0,0]}}
,"/Users/jonhalverson/Development/CineFiles_Python/frontend/src/components/movie/SearchBar.js": {"path":"/Users/jonhalverson/Development/CineFiles_Python/frontend/src/components/movie/SearchBar.js","statementMap":{"0":{"start":{"line":14,"column":28},"end":{"line":14,"column":40}},"1":{"start":{"line":16,"column":23},"end":{"line":29,"column":3}},"2":{"start":{"line":17,"column":4},"end":{"line":17,"column":23}},"3":{"start":{"line":18,"column":4},"end":{"line":28,"column":5}},"4":{"start":{"line":19,"column":6},"end":{"line":27,"column":7}},"5":{"start":{"line":20,"column":8},"end":{"line":20,"column":26}},"6":{"start":{"line":21,"column":24},"end":{"line":21,"column":58}},"7":{"start":{"line":22,"column":8},"end":{"line":22,"column":52}},"8":{"start":{"line":23,"column":8},"end":{"line":23,"column":27}},"9":{"start":{"line":25,"column":8},"end":{"line":25,"column":56}},"10":{"start":{"line":26,"column":8},"end":{"line":26,"column":35}},"11":{"start":{"line":31,"column":22},"end":{"line":34,"column":3}},"12":{"start":{"line":32,"column":4},"end":{"line":32,"column":17}},"13":{"start":{"line":33,"column":4},"end":{"line":33,"column":31}},"14":{"start":{"line":36,"column":2},"end":{"line":63,"column":4}},"15":{"start":{"line":46,"column":29},"end":{"line":46,"column":53}}},"fnMap":{"0":{"name":"SearchBar","decl":{"start":{"line":13,"column":9},"end":{"line":13,"column":18}},"loc":{"start":{"line":13,"column":49},"end":{"line":64,"column":1}},"line":13},"1":{"name":"(anonymous_1)","decl":{"start":{"line":16,"column":23},"end":{"line":16,"column":24}},"loc":{"start":{"line":16,"column":36},"end":{"line":29,"column":3}},"line":16},"2":{"name":"(anonymous_2)","decl":{"start":{"line":31,"column":22},"end":{"line":31,"column":23}},"loc":{"start":{"line":31,"column":28},"end":{"line":34,"column":3}},"line":31},"3":{"name":"(anonymous_3)","decl":{"start":{"line":46,"column":22},"end":{"line":46,"column":23}},"loc":{"start":{"line":46,"column":29},"end":{"line":46,"column":53}},"line":46}},"branchMap":{"0":{"loc":{"start":{"line":18,"column":4},"end":{"line":28,"column":5}},"type":"if","locations":[{"start":{"line":18,"column":4},"end":{"line":28,"column":5}},{"start":{},"end":{}}],"line":18},"1":{"loc":{"start":{"line":50,"column":11},"end":{"line":59,"column":11}},"type":"binary-expr","locations":[{"start":{"line":50,"column":11},"end":{"line":50,"column":16}},{"start":{"line":51,"column":12},"end":{"line":58,"column":21}}],"line":50}},"s":{"0":0,"1":0,"2":0,"3":0,"4":0,"5":0,"6":0,"7":0,"8":0,"9":0,"10":0,"11":0,"12":0,"13":0,"14":0,"15":0},"f":{"0":0,"1":0,"2":0,"3":0},"b":{"0":[0,0],"1":[0,0]}}
,"/Users/jonhalverson/Development/CineFiles_Python/frontend/src/components/movie/SearchResults.js": {"path":"/Users/jonhalverson/Development/CineFiles_Python/frontend/src/components/movie/SearchResults.js","statementMap":{"0":{"start":{"line":5,"column":22},"end":{"line":61,"column":1}},"1":{"start":{"line":6,"column":19},"end":{"line":6,"column":32}},"2":{"start":{"line":7,"column":29},"end":{"line":7,"column":73}},"3":{"start":{"line":9,"column":2},"end":{"line":60,"column":4}},"4":{"start":{"line":24,"column":14},"end":{"line":50,"column":21}},"5":{"start":{"line":35,"column":22},"end":{"line":35,"column":56}}},"fnMap":{"0":{"name":"(anonymous_0)","decl":{"start":{"line":5,"column":22},"end":{"line":5,"column":23}},"loc":{"start":{"line":5,"column":28},"end":{"line":61,"column":1}},"line":5},"1":{"name":"(anonymous_1)","decl":{"start":{"line":23,"column":25},"end":{"line":23,"column":26}},"loc":{"start":{"line":24,"column":14},"end":{"line":50,"column":21}},"line":24},"2":{"name":"(anonymous_2)","decl":{"start":{"line":34,"column":29},"end":{"line":34,"column":30}},"loc":{"start":{"line":34,"column":36},"end":{"line":36,"column":21}},"line":34}},"branchMap":{"0":{"loc":{"start":{"line":7,"column":29},"end":{"line":7,"column":73}},"type":"binary-expr","locations":[{"start":{"line":7,"column":29},"end":{"line":7,"column":43}},{"start":{"line":7,"column":47},"end":{"line":7,"column":73}}],"line":7},"1":{"loc":{"start":{"line":17,"column":36},"end":{"line":17,"column":79}},"type":"cond-expr","locations":[{"start":{"line":17,"column":59},"end":{"line":17,"column":67}},{"start":{"line":17,"column":70},"end":{"line":17,"column":79}}],"line":17},"2":{"loc":{"start":{"line":21,"column":9},"end":{"line":57,"column":9}},"type":"cond-expr","locations":[{"start":{"line":22,"column":10},"end":{"line":52,"column":16}},{"start":{"line":54,"column":10},"end":{"line":56,"column":16}}],"line":21},"3":{"loc":{"start":{"line":47,"column":21},"end":{"line":47,"column":92}},"type":"cond-expr","locations":[{"start":{"line":47,"column":42},"end":{"line":47,"column":84}},{"start":{"line":47,"column":87},"end":{"line":47,"column":92}}],"line":47}},"s":{"0":1,"1":0,"2":0,"3":0,"4":0,"5":0},"f":{"0":0,"1":0,"2":0},"b":{"0":[0,0],"1":[0,0],"2":[0,0],"3":[0,0]},"_coverageSchema":"1a1c01bbd47fc00a2c39e90264f33305004495a9","hash":"1c4c245be3ae026b57114871e17b8b4ee7c8481e"}
,"/Users/jonhalverson/Development/CineFiles_Python/frontend/src/styles/MovieDetails.js": {"path":"/Users/jonhalverson/Development/CineFiles_Python/frontend/src/styles/MovieDetails.js","statementMap":{"0":{"start":{"line":1,"column":22},"end":{"line":178,"column":1}}},"fnMap":{},"branchMap":{},"s":{"0":0},"f":{},"b":{}}
,"/Users/jonhalverson/Development/CineFiles_Python/frontend/src/utils/api.js": {"path":"/Users/jonhalverson/Development/CineFiles_Python/frontend/src/utils/api.js","statementMap":{"0":{"start":{"line":3,"column":16},"end":{"line":3,"column":72}},"1":{"start":{"line":5,"column":12},"end":{"line":11,"column":2}},"2":{"start":{"line":14,"column":0},"end":{"line":25,"column":2}},"3":{"start":{"line":16,"column":18},"end":{"line":16,"column":47}},"4":{"start":{"line":17,"column":4},"end":{"line":19,"column":5}},"5":{"start":{"line":18,"column":6},"end":{"line":18,"column":55}},"6":{"start":{"line":20,"column":4},"end":{"line":20,"column":18}},"7":{"start":{"line":23,"column":4},"end":{"line":23,"column":33}},"8":{"start":{"line":28,"column":0},"end":{"line":34,"column":2}},"9":{"start":{"line":29,"column":16},"end":{"line":29,"column":29}},"10":{"start":{"line":31,"column":4},"end":{"line":31,"column":71}},"11":{"start":{"line":32,"column":4},"end":{"line":32,"column":33}},"12":{"start":{"line":36,"column":24},"end":{"line":46,"column":1}},"13":{"start":{"line":37,"column":26},"end":{"line":37,"column":56}},"14":{"start":{"line":38,"column":27},"end":{"line":38,"column":59}},"15":{"start":{"line":39,"column":27},"end":{"line":39,"column":58}},"16":{"start":{"line":40,"column":22},"end":{"line":40,"column":49}},"17":{"start":{"line":41,"column":27},"end":{"line":41,"column":91}},"18":{"start":{"line":42,"column":27},"end":{"line":42,"column":55}},"19":{"start":{"line":43,"column":27},"end":{"line":43,"column":63}},"20":{"start":{"line":44,"column":26},"end":{"line":44,"column":61}},"21":{"start":{"line":45,"column":28},"end":{"line":45,"column":56}},"22":{"start":{"line":48,"column":23},"end":{"line":57,"column":1}},"23":{"start":{"line":49,"column":26},"end":{"line":49,"column":66}},"24":{"start":{"line":50,"column":24},"end":{"line":50,"column":62}},"25":{"start":{"line":51,"column":21},"end":{"line":51,"column":48}},"26":{"start":{"line":53,"column":4},"end":{"line":53,"column":37}},"27":{"start":{"line":54,"column":4},"end":{"line":54,"column":36}},"28":{"start":{"line":55,"column":4},"end":{"line":55,"column":29}}},"fnMap":{"0":{"name":"(anonymous_0)","decl":{"start":{"line":15,"column":2},"end":{"line":15,"column":3}},"loc":{"start":{"line":15,"column":14},"end":{"line":21,"column":3}},"line":15},"1":{"name":"(anonymous_1)","decl":{"start":{"line":22,"column":2},"end":{"line":22,"column":3}},"loc":{"start":{"line":22,"column":13},"end":{"line":24,"column":3}},"line":22},"2":{"name":"(anonymous_2)","decl":{"start":{"line":29,"column":2},"end":{"line":29,"column":3}},"loc":{"start":{"line":29,"column":16},"end":{"line":29,"column":29}},"line":29},"3":{"name":"(anonymous_3)","decl":{"start":{"line":30,"column":2},"end":{"line":30,"column":3}},"loc":{"start":{"line":30,"column":13},"end":{"line":33,"column":3}},"line":30},"4":{"name":"(anonymous_4)","decl":{"start":{"line":37,"column":20},"end":{"line":37,"column":21}},"loc":{"start":{"line":37,"column":26},"end":{"line":37,"column":56}},"line":37},"5":{"name":"(anonymous_5)","decl":{"start":{"line":38,"column":21},"end":{"line":38,"column":22}},"loc":{"start":{"line":38,"column":27},"end":{"line":38,"column":59}},"line":38},"6":{"name":"(anonymous_6)","decl":{"start":{"line":39,"column":21},"end":{"line":39,"column":22}},"loc":{"start":{"line":39,"column":27},"end":{"line":39,"column":58}},"line":39},"7":{"name":"(anonymous_7)","decl":{"start":{"line":40,"column":16},"end":{"line":40,"column":17}},"loc":{"start":{"line":40,"column":22},"end":{"line":40,"column":49}},"line":40},"8":{"name":"(anonymous_8)","decl":{"start":{"line":41,"column":16},"end":{"line":41,"column":17}},"loc":{"start":{"line":41,"column":27},"end":{"line":41,"column":91}},"line":41},"9":{"name":"(anonymous_9)","decl":{"start":{"line":42,"column":19},"end":{"line":42,"column":20}},"loc":{"start":{"line":42,"column":27},"end":{"line":42,"column":55}},"line":42},"10":{"name":"(anonymous_10)","decl":{"start":{"line":43,"column":19},"end":{"line":43,"column":20}},"loc":{"start":{"line":43,"column":27},"end":{"line":43,"column":63}},"line":43},"11":{"name":"(anonymous_11)","decl":{"start":{"line":44,"column":18},"end":{"line":44,"column":19}},"loc":{"start":{"line":44,"column":26},"end":{"line":44,"column":61}},"line":44},"12":{"name":"(anonymous_12)","decl":{"start":{"line":45,"column":20},"end":{"line":45,"column":21}},"loc":{"start":{"line":45,"column":28},"end":{"line":45,"column":56}},"line":45},"13":{"name":"(anonymous_13)","decl":{"start":{"line":49,"column":9},"end":{"line":49,"column":10}},"loc":{"start":{"line":49,"column":26},"end":{"line":49,"column":66}},"line":49},"14":{"name":"(anonymous_14)","decl":{"start":{"line":50,"column":10},"end":{"line":50,"column":11}},"loc":{"start":{"line":50,"column":24},"end":{"line":50,"column":62}},"line":50},"15":{"name":"(anonymous_15)","decl":{"start":{"line":51,"column":15},"end":{"line":51,"column":16}},"loc":{"start":{"line":51,"column":21},"end":{"line":51,"column":48}},"line":51},"16":{"name":"(anonymous_16)","decl":{"start":{"line":52,"column":10},"end":{"line":52,"column":11}},"loc":{"start":{"line":52,"column":16},"end":{"line":56,"column":3}},"line":52}},"branchMap":{"0":{"loc":{"start":{"line":3,"column":16},"end":{"line":3,"column":72}},"type":"binary-expr","locations":[{"start":{"line":3,"column":16},"end":{"line":3,"column":45}},{"start":{"line":3,"column":49},"end":{"line":3,"column":72}}],"line":3},"1":{"loc":{"start":{"line":17,"column":4},"end":{"line":19,"column":5}},"type":"if","locations":[{"start":{"line":17,"column":4},"end":{"line":19,"column":5}},{"start":{},"end":{}}],"line":17},"2":{"loc":{"start":{"line":31,"column":32},"end":{"line":31,"column":69}},"type":"binary-expr","locations":[{"start":{"line":31,"column":32},"end":{"line":31,"column":52}},{"start":{"line":31,"column":56},"end":{"line":31,"column":69}}],"line":31}},"s":{"0":2,"1":2,"2":2,"3":3,"4":3,"5":0,"6":3,"7":0,"8":2,"9":0,"10":0,"11":0,"12":2,"13":1,"14":1,"15":1,"16":0,"17":0,"18":0,"19":0,"20":0,"21":0,"22":2,"23":2,"24":2,"25":2,"26":2,"27":2,"28":2},"f":{"0":3,"1":0,"2":0,"3":0,"4":1,"5":1,"6":1,"7":0,"8":0,"9":0,"10":0,"11":0,"12":0,"13":2,"14":2,"15":2,"16":2},"b":{"0":[2,2],"1":[0,3],"2":[0,0]},"_coverageSchema":"1a1c01bbd47fc00a2c39e90264f33305004495a9","hash":"4ed07c25e40e972ecbebd94d1917c6715dc1b4e7"}
,"/Users/jonhalverson/Development/CineFiles_Python/frontend/src/utils/constants.js": {"path":"/Users/jonhalverson/Development/CineFiles_Python/frontend/src/utils/constants.js","statementMap":{"0":{"start":{"line":2,"column":22},"end":{"line":12,"column":1}},"1":{"start":{"line":3,"column":20},"end":{"line":3,"column":63}},"2":{"start":{"line":5,"column":18},"end":{"line":9,"column":3}},"3":{"start":{"line":11,"column":2},"end":{"line":11,"column":78}},"4":{"start":{"line":14,"column":28},"end":{"line":14,"column":43}},"5":{"start":{"line":15,"column":35},"end":{"line":15,"column":63}},"6":{"start":{"line":16,"column":28},"end":{"line":20,"column":1}}},"fnMap":{"0":{"name":"(anonymous_0)","decl":{"start":{"line":2,"column":22},"end":{"line":2,"column":23}},"loc":{"start":{"line":2,"column":28},"end":{"line":12,"column":1}},"line":2}},"branchMap":{"0":{"loc":{"start":{"line":3,"column":20},"end":{"line":3,"column":63}},"type":"binary-expr","locations":[{"start":{"line":3,"column":20},"end":{"line":3,"column":52}},{"start":{"line":3,"column":56},"end":{"line":3,"column":63}}],"line":3},"1":{"loc":{"start":{"line":11,"column":9},"end":{"line":11,"column":77}},"type":"binary-expr","locations":[{"start":{"line":11,"column":9},"end":{"line":11,"column":38}},{"start":{"line":11,"column":42},"end":{"line":11,"column":60}},{"start":{"line":11,"column":64},"end":{"line":11,"column":77}}],"line":11}},"s":{"0":0,"1":0,"2":0,"3":0,"4":0,"5":0,"6":0},"f":{"0":0},"b":{"0":[0,0],"1":[0,0,0]}}
,"/Users/jonhalverson/Development/CineFiles_Python/frontend/src/utils/image.js": {"path":"/Users/jonhalverson/Development/CineFiles_Python/frontend/src/utils/image.js","statementMap":{"0":{"start":{"line":1,"column":20},"end":{"line":5,"column":1}},"1":{"start":{"line":2,"column":2},"end":{"line":2,"column":39}},"2":{"start":{"line":2,"column":13},"end":{"line":2,"column":39}},"3":{"start":{"line":3,"column":18},"end":{"line":3,"column":74}},"4":{"start":{"line":4,"column":2},"end":{"line":4,"column":53}}},"fnMap":{"0":{"name":"(anonymous_0)","decl":{"start":{"line":1,"column":20},"end":{"line":1,"column":21}},"loc":{"start":{"line":1,"column":45},"end":{"line":5,"column":1}},"line":1}},"branchMap":{"0":{"loc":{"start":{"line":1,"column":27},"end":{"line":1,"column":40}},"type":"default-arg","locations":[{"start":{"line":1,"column":34},"end":{"line":1,"column":40}}],"line":1},"1":{"loc":{"start":{"line":2,"column":2},"end":{"line":2,"column":39}},"type":"if","locations":[{"start":{"line":2,"column":2},"end":{"line":2,"column":39}},{"start":{},"end":{}}],"line":2},"2":{"loc":{"start":{"line":3,"column":18},"end":{"line":3,"column":74}},"type":"binary-expr","locations":[{"start":{"line":3,"column":18},"end":{"line":3,"column":47}},{"start":{"line":3,"column":51},"end":{"line":3,"column":74}}],"line":3}},"s":{"0":1,"1":0,"2":0,"3":0,"4":0},"f":{"0":0},"b":{"0":[0],"1":[0,0],"2":[0,0]},"_coverageSchema":"1a1c01bbd47fc00a2c39e90264f33305004495a9","hash":"10cbad8bedc1b1682dcaf1668e0284fd2ae2bb29"}
}
